<?xml version="1.0" encoding="UTF-8"?>
<!-- Generated by org.testng.reporters.JUnitXMLReporter -->
<testsuite hostname="KIRANKK-LAP" ignored="0" name="Free CRM App" tests="6" failures="0" timestamp="02 Jan 2019 06:53:43 GMT" time="95.809" errors="0">
  <testcase name="loginPageTitleTest" time="0.042" classname="com.crm.qa.testcases.LoginPageTest"/>
  <testcase name="verifyHomePageTitleTest" time="0.007" classname="com.crm.qa.testcases.HomePageTest"/>
  <testcase name="verifyContactsPageLabelTest" time="0.056" classname="com.crm.qa.testcases.ContactsPageTest"/>
  <testcase name="verifyTasksPageLabelTest" time="0.041" classname="com.crm.qa.testcases.TasksPageTest"/>
  <testcase name="crmLogoImageTest" time="2.476" classname="com.crm.qa.testcases.LoginPageTest"/>
  <testcase name="verifyUserNameTest" time="0.091" classname="com.crm.qa.testcases.HomePageTest"/>
</testsuite> <!-- Free CRM App -->
