<?xml version="1.0" encoding="UTF-8"?>
<!-- Generated by org.testng.reporters.JUnitXMLReporter -->
<testsuite hostname="KIRANKK-LAP" ignored="0" name="Free CRM App" tests="6" failures="0" timestamp="31 Dec 2018 04:59:42 GMT" time="92.272" errors="0">
  <testcase name="loginPageTitleTest" time="0.073" classname="com.crm.qa.testcases.LoginPageTest"/>
  <testcase name="verifyHomePageTitleTest" time="0.014" classname="com.crm.qa.testcases.HomePageTest"/>
  <testcase name="verifyContactsPageLabelTest" time="0.035" classname="com.crm.qa.testcases.ContactsPageTest"/>
  <testcase name="verifyContactsPageLabelTest" time="0.073" classname="com.crm.qa.testcases.TasksPageTest"/>
  <testcase name="crmLogoImageTest" time="2.54" classname="com.crm.qa.testcases.LoginPageTest"/>
  <testcase name="verifyUserNameTest" time="0.081" classname="com.crm.qa.testcases.HomePageTest"/>
</testsuite> <!-- Free CRM App -->
