<?xml version="1.0" encoding="UTF-8"?>
<!-- Generated by org.testng.reporters.JUnitXMLReporter -->
<testsuite hostname="KIRANKK-LAP" ignored="0" name="Free CRM App" tests="6" failures="0" timestamp="02 Jan 2019 05:14:04 GMT" time="113.323" errors="0">
  <testcase name="loginPageTitleTest" time="0.05" classname="com.crm.qa.testcases.LoginPageTest"/>
  <testcase name="verifyHomePageTitleTest" time="0.027" classname="com.crm.qa.testcases.HomePageTest"/>
  <testcase name="verifyContactsPageLabelTest" time="0.047" classname="com.crm.qa.testcases.ContactsPageTest"/>
  <testcase name="verifyTasksPageLabelTest" time="0.066" classname="com.crm.qa.testcases.TasksPageTest"/>
  <testcase name="crmLogoImageTest" time="3.931" classname="com.crm.qa.testcases.LoginPageTest"/>
  <testcase name="verifyUserNameTest" time="0.103" classname="com.crm.qa.testcases.HomePageTest"/>
</testsuite> <!-- Free CRM App -->
