<?xml version="1.0" encoding="UTF-8"?>
<testsuite name="TestSuite" time="2.554" tests="6" errors="0" skipped="0" failures="0">
  <properties>
[...]
</properties>
  <testcase name="loginPageTitleTest" classname="com.crm.qa.testcases.LoginPageTest" time="0.02"/>
  <testcase name="verifyHomePageTitleTest" classname="com.crm.qa.testcases.HomePageTest" time="0.01"/>
  <testcase name="verifyContactsPageLabelTest" classname="com.crm.qa.testcases.ContactsPageTest" time="0.032"/>
  <testcase name="verifyTasksPageLabelTest" classname="com.crm.qa.testcases.TasksPageTest" time="0.033"/>
  <testcase name="crmLogoImageTest" classname="com.crm.qa.testcases.LoginPageTest" time="2.385"/>
  <testcase name="verifyUserNameTest" classname="com.crm.qa.testcases.HomePageTest" time="0.074"/>
</testsuite>